净喜平板_没有jni的/源码/Smarthome/proguard/seeds.txt
com.kxw.smarthome.AdvMainActivity
com.kxw.smarthome.AdvMainActivity: AdvMainActivity()
com.kxw.smarthome.AdvMainActivity: void onClick(android.view.View)
com.kxw.smarthome.BaseActivity
com.kxw.smarthome.BaseActivity: BaseActivity()
com.kxw.smarthome.BaseActivity: void onClick(android.view.View)
com.kxw.smarthome.BindDeviceActivity
com.kxw.smarthome.BindDeviceActivity: BindDeviceActivity()
com.kxw.smarthome.BindDeviceActivity: void onClick(android.view.View)
com.kxw.smarthome.BindDeviceActivity$10: void onCancelled(org.xutils.common.Callback$CancelledException)
com.kxw.smarthome.BindDeviceActivity$10: void onError(java.lang.Throwable,boolean)
com.kxw.smarthome.BindDeviceActivity$10: void onFinished()
com.kxw.smarthome.BindDeviceActivity$10: void onSuccess(java.lang.String)
com.kxw.smarthome.BindDeviceActivity$10: void onSuccess(java.lang.Object)
com.kxw.smarthome.BindDeviceActivity$11: void onCancelled(org.xutils.common.Callback$CancelledException)
com.kxw.smarthome.BindDeviceActivity$11: void onError(java.lang.Throwable,boolean)
com.kxw.smarthome.BindDeviceActivity$11: void onFinished()
com.kxw.smarthome.BindDeviceActivity$11: void onSuccess(java.lang.String)
com.kxw.smarthome.BindDeviceActivity$11: void onSuccess(java.lang.Object)
com.kxw.smarthome.BindDeviceActivity$12: void onCancelled(org.xutils.common.Callback$CancelledException)
com.kxw.smarthome.BindDeviceActivity$12: void onError(java.lang.Throwable,boolean)
com.kxw.smarthome.BindDeviceActivity$12: void onFinished()
com.kxw.smarthome.BindDeviceActivity$12: void onSuccess(java.lang.String)
com.kxw.smarthome.BindDeviceActivity$12: void onSuccess(java.lang.Object)
com.kxw.smarthome.BindDeviceActivity$13: void onCancelled(org.xutils.common.Callback$CancelledException)
com.kxw.smarthome.BindDeviceActivity$13: void onError(java.lang.Throwable,boolean)
com.kxw.smarthome.BindDeviceActivity$13: void onFinished()
com.kxw.smarthome.BindDeviceActivity$13: void onSuccess(java.lang.String)
com.kxw.smarthome.BindDeviceActivity$13: void onSuccess(java.lang.Object)
com.kxw.smarthome.BindDeviceActivity$14: void onCancelled(org.xutils.common.Callback$CancelledException)
com.kxw.smarthome.BindDeviceActivity$14: void onError(java.lang.Throwable,boolean)
com.kxw.smarthome.BindDeviceActivity$14: void onFinished()
com.kxw.smarthome.BindDeviceActivity$14: void onSuccess(java.lang.String)
com.kxw.smarthome.BindDeviceActivity$14: void onSuccess(java.lang.Object)
com.kxw.smarthome.BindDeviceActivity$6: void onCancelled(org.xutils.common.Callback$CancelledException)
com.kxw.smarthome.BindDeviceActivity$6: void onError(java.lang.Throwable,boolean)
com.kxw.smarthome.BindDeviceActivity$6: void onFinished()
com.kxw.smarthome.BindDeviceActivity$6: void onSuccess(java.lang.String)
com.kxw.smarthome.BindDeviceActivity$6: void onSuccess(java.lang.Object)
com.kxw.smarthome.BindDeviceActivity$7: void onCancelled(org.xutils.common.Callback$CancelledException)
com.kxw.smarthome.BindDeviceActivity$7: void onError(java.lang.Throwable,boolean)
com.kxw.smarthome.BindDeviceActivity$7: void onFinished()
com.kxw.smarthome.BindDeviceActivity$7: void onSuccess(java.lang.String)
com.kxw.smarthome.BindDeviceActivity$7: void onSuccess(java.lang.Object)
com.kxw.smarthome.BindDeviceActivity$8: void onCancelled(org.xutils.common.Callback$CancelledException)
com.kxw.smarthome.BindDeviceActivity$8: void onError(java.lang.Throwable,boolean)
com.kxw.smarthome.BindDeviceActivity$8: void onFinished()
com.kxw.smarthome.BindDeviceActivity$8: void onSuccess(java.lang.String)
com.kxw.smarthome.BindDeviceActivity$8: void onSuccess(java.lang.Object)
com.kxw.smarthome.BindDeviceActivity$9: void onCancelled(org.xutils.common.Callback$CancelledException)
com.kxw.smarthome.BindDeviceActivity$9: void onError(java.lang.Throwable,boolean)
com.kxw.smarthome.BindDeviceActivity$9: void onFinished()
com.kxw.smarthome.BindDeviceActivity$9: void onSuccess(java.lang.String)
com.kxw.smarthome.BindDeviceActivity$9: void onSuccess(java.lang.Object)
...
android.support.v4.app.Fragment$InstantiationException
android.support.v4.app.Fragment$InstantiationException: Fragment$InstantiationException(java.lang.String,java.lang.Exception)
android.support.v4.app.Fragment$SavedState
android.support.v4.app.Fragment$SavedState: android.os.Parcelable$Creator CREATOR
android.support.v4.app.FragmentActivity
android.support.v4.app.FragmentActivity: FragmentActivity()
android.support.v4.app.FragmentActivity: void setEnterSharedElementCallback(android.support.v4.app.SharedElementCallback)
android.support.v4.app.FragmentActivity: void setExitSharedElementCallback(android.support.v4.app.SharedElementCallback)
android.support.v4.app.FragmentManagerState
android.support.v4.app.FragmentManagerState: android.os.Parcelable$Creator CREATOR
android.support.v4.app.FragmentState
android.support.v4.app.FragmentState: android.os.Parcelable$Creator CREATOR
android.support.v4.app.FragmentTabHost
android.support.v4.app.FragmentTabHost: FragmentTabHost(android.content.Context,android.util.AttributeSet)
android.support.v4.app.FragmentTabHost$SavedState
android.support.v4.app.FragmentTabHost$SavedState: android.os.Parcelable$Creator CREATOR
android.support.v4.app.FragmentTransaction$Transit
android.support.v4.app.INotificationSideChannel
android.support.v4.app.INotificationSideChannel: void notify(java.lang.String,int,java.lang.String,android.app.Notification)
android.support.v4.app.INotificationSideChannel: void cancel(java.lang.String,int,java.lang.String)
android.support.v4.app.INotificationSideChannel: void cancelAll(java.lang.String)
android.support.v4.app.INotificationSideChannel$Stub
android.support.v4.app.INotificationSideChannel$Stub: java.lang.String DESCRIPTOR
android.support.v4.app.INotificationSideChannel$Stub: int TRANSACTION_notify
android.support.v4.app.INotificationSideChannel$Stub: int TRANSACTION_cancel
android.support.v4.app.INotificationSideChannel$Stub: int TRANSACTION_cancelAll
android.support.v4.app.INotificationSideChannel$Stub: INotificationSideChannel$Stub()
android.support.v4.app.INotificationSideChannel$Stub: android.support.v4.app.INotificationSideChannel asInterface(android.os.IBinder)
android.support.v4.app.INotificationSideChannel$Stub: android.os.IBinder asBinder()
android.support.v4.app.INotificationSideChannel$Stub: boolean onTransact(int,android.os.Parcel,android.os.Parcel,int)
android.support.v4.app.INotificationSideChannel$Stub$Proxy
android.support.v4.app.INotificationSideChannel$Stub$Proxy: android.os.IBinder mRemote
android.support.v4.app.INotificationSideChannel$Stub$Proxy: INotificationSideChannel$Stub$Proxy(android.os.IBinder)
android.support.v4.app.INotificationSideChannel$Stub$Proxy: android.os.IBinder asBinder()
android.support.v4.app.INotificationSideChannel$Stub$Proxy: java.lang.String getInterfaceDescriptor()
android.support.v4.app.INotificationSideChannel$Stub$Proxy: void notify(java.lang.String,int,java.lang.String,android.app.Notification)
android.support.v4.app.INotificationSideChannel$Stub$Proxy: void cancel(java.lang.String,int,java.lang.String)
android.support.v4.app.INotificationSideChannel$Stub$Proxy: void cancelAll(java.lang.String)
android.support.v4.app.NotificationCompatSideChannelService