净喜平板_没有jni的/源码/Smarthome/proguard/mapping.txt
com.kxw.smarthome.AdvMainActivity -> com.kxw.smarthome.AdvMainActivity:
    android.content.Context context -> i
    com.kxw.smarthome.imagecycleview.ImageCycleView adv_view -> j
    android.widget.ImageView media_play_bt -> k
    android.widget.LinearLayout back_ll -> l
    android.widget.LinearLayout home_page_ll -> m
    android.widget.LinearLayout app_main_ll -> n
    android.widget.LinearLayout community_services_ll -> o
    android.widget.LinearLayout personal_center_ll -> p
    android.widget.RelativeLayout adv_layout -> q
    java.util.List advUrlInfolist -> r
    android.view.SurfaceView adv_sfv -> s
    android.view.SurfaceHolder holder -> t
    android.media.MediaPlayer player -> u
    boolean isPlaying -> v
    boolean replaying -> w
    com.kxw.smarthome.utils.WifiUtils wifiUtils -> x
    int mCount -> y
    android_serialport_api.SerialPortUtil mSerialPortUtil -> z
    android.os.Handler mUpgradeHandler -> A
    android.os.HandlerThread mUpgradeHandlerThread -> B
    android.os.Handler mVideoHandler -> C
    android.os.HandlerThread mVideoHandlerThread -> D
    java.util.List videoInfos -> E
    boolean is_ShowADV -> F
    com.kxw.smarthome.imagecycleview.ImageCycleView$ImageCycleViewListener mAdCycleViewListener -> G
    long lastClickTime -> H
    java.lang.Runnable mUpgradeRunnable -> I
    java.lang.Runnable mVideoRunnable -> J
    void onCreate(android.os.Bundle) -> onCreate
    void changeAdv() -> a
com.kxw.smarthome.AdvMainActivity$1 -> com.kxw.smarthome.a:
    com.kxw.smarthome.AdvMainActivity this$0 -> a
    void onImageClick$71c4e124(com.kxw.smarthome.entity.AdvInfo) -> a
    void displayImage(java.lang.String,android.widget.ImageView) -> a
com.kxw.smarthome.AdvMainActivity$2 -> com.kxw.smarthome.b:
    com.kxw.smarthome.AdvMainActivity this$0 -> a
    void run() -> run
com.kxw.smarthome.AdvMainActivity$3 -> com.kxw.smarthome.c:
    com.kxw.smarthome.AdvMainActivity this$0 -> a
    void run() -> run
com.kxw.smarthome.AdvMainActivity$4 -> com.kxw.smarthome.d:
    com.kxw.smarthome.AdvMainActivity this$0 -> a
    void run() -> run
com.kxw.smarthome.BaseActivity -> com.kxw.smarthome.BaseActivity:
    android.widget.TextView current_time -> i
    android.widget.TextView current_city -> a
    android.widget.TextView select_city_tv -> b
    android.widget.TextView weather_state -> j
    android.widget.TextView weather_temperature -> k
    android.widget.TextView use_mode -> l
    android.widget.TextView value_surplus -> m
    android.widget.LinearLayout back_ll -> c
    android.widget.LinearLayout base_view_ll -> d
    android.widget.LinearLayout refresh_ll -> e
    android.widget.ImageView wifi_state_iv -> n
    android.os.Handler handler -> o
    com.kxw.smarthome.entity.WeatherInfo weatherInfo -> p
    com.kxw.smarthome.utils.WifiUtils wifiUtils -> q
    boolean isstop -> r
    android_serialport_api.SerialPortUtil mSerialPortUtil -> s
    com.kxw.smarthome.entity.BaseData baseData -> t
    com.kxw.smarthome.BaseActivity$ReadThread mReadThread -> u
    com.kxw.smarthome.BaseActivity$TimeThread mTimeThread -> v
    android.os.Message msg -> w
    android.os.Handler mHandler -> x
    android.content.Context context -> y
    com.kxw.smarthome.entity.VerificationData verificationData -> z
    android.os.Handler wifiHandler -> f
    java.lang.Runnable updateThread -> g
    int TIME_COUNT_DOWN -> A
    android.os.Handler mWifiHandler -> h
    android.content.BroadcastReceiver mBroadcastReceiver -> B
    void onCreate(android.os.Bundle) -> onCreate
    void baseView() -> a
com.kxw.smarthome.BaseActivity$1 -> com.kxw.smarthome.e:
    com.kxw.smarthome.BaseActivity this$0 -> a
    void run() -> run
com.kxw.smarthome.BaseActivity$2 -> com.kxw.smarthome.f:
    com.kxw.smarthome.BaseActivity this$0 -> a
    void handleMessage(android.os.Message) -> handleMessage
...
com.baidu.location.c -> com.baidu.location.n:
    com.baidu.location.LocationClient a -> a
    void run() -> run
com.baidu.location.c.a -> com.baidu.location.c.a:
    java.util.HashMap a -> a
    java.lang.String b -> b
    java.text.SimpleDateFormat c -> c
    android.content.Context d -> d
    boolean e -> e
    java.lang.String f -> f
    java.util.HashSet p -> p
    com.baidu.location.c.a$a q -> q
    java.lang.String r -> r
    android.os.Handler s -> s
    java.lang.Runnable t -> t
    boolean a(java.lang.String) -> a
    boolean b(java.lang.String) -> b
    boolean b() -> b
    boolean a$17cb4258(java.lang.String) -> c
    void c() -> c
    void d(java.lang.String) -> e
    void a() -> a
    void a(boolean) -> a
    java.lang.String a(java.util.Date) -> a
    java.util.Date f() -> g
    java.lang.String a(com.baidu.location.c.a) -> a
    java.lang.String a(com.baidu.location.c.a,java.lang.String) -> a
com.baidu.location.c.a$a -> com.baidu.location.c.b:
com.baidu.location.c.a.d -> com.baidu.location.c.a.a:
    java.util.HashMap a -> a
    java.util.HashMap b -> b
    java.util.HashMap c -> c
    java.util.HashMap d -> d
    java.util.ArrayList e -> e
    java.util.ArrayList f -> f
    com.baidu.location.c.a.d$c g -> g
    java.lang.String h -> h
    java.lang.String i -> i
    boolean j -> j
    boolean k -> k
    boolean l -> l
    boolean m -> m
    com.baidu.location.c.a.d$b n -> n
    boolean o -> o
    java.lang.String p -> p
    com.baidu.location.c.a.d q -> q
    com.baidu.location.c.a.d a() -> a
    boolean a$6b8cb9e1() -> b
com.baidu.location.c.a.d$b -> com.baidu.location.c.a.b:
com.baidu.location.c.a.d$c -> com.baidu.location.c.a.c:
    java.util.ArrayDeque a -> a
com.baidu.location.c.b -> com.baidu.location.c.d:
    com.baidu.location.c.a a -> a
    void run() -> run
com.baidu.location.c.c -> com.baidu.location.c.c:
    int a -> a
    boolean add(java.lang.Object) -> add
    void clear() -> clear
com.baidu.location.c.d -> com.baidu.location.c.e:
    char[] a -> a
    com.baidu.location.c.d b -> b
    boolean c -> c
    boolean d -> d
    void a() -> a
com.baidu.location.c.e -> com.baidu.location.c.f:
    int e -> e
    boolean f -> f
    com.baidu.location.BDLocationListener g -> g
    com.baidu.location.BDLocationListener h -> h
    boolean a -> a
    boolean b -> b
    int i -> i
    com.baidu.location.c.e j -> j
    long k -> k
    boolean l -> l
    com.baidu.location.c.e$e c -> c
    com.baidu.location.c.j m -> m
    com.baidu.location.c.e$f n -> n
    com.baidu.location.c.e$h o -> o
    long p -> p
    boolean q -> q
    boolean r -> r
    long s -> s
    int t -> t
    int u -> u
    com.baidu.location.c.j$a v -> v
    int w -> w
    int x -> x
    java.lang.String y -> y
    java.lang.String z -> z
    com.baidu.location.c.i A -> A
    java.lang.String B -> B
    java.lang.String C -> C
    java.lang.String D -> D
    int E -> E
    boolean F -> F
    int G -> G
    com.baidu.location.c.c H -> H
    int I -> I
    com.baidu.location.c.c J -> J
    double K -> K
    double L -> L
    double M -> M
    double N -> N
    boolean O -> O
    boolean P -> P
    java.util.List Q -> Q
    int R -> R
    int S -> S
    int T -> T
    com.baidu.location.c.a U -> U
    java.lang.String V -> V
    com.baidu.location.c.d W -> W
    com.baidu.location.c.m X -> X
    com.baidu.location.c.m$a Y -> Y
    boolean Z -> Z
    java.text.SimpleDateFormat d -> d
    int aa -> aa
    com.baidu.location.BDLocation ab -> ab
    boolean ac -> ac
    boolean ad -> ad
    boolean ae -> ae
    java.util.List af -> af
com.baidu.location.c.e$a -> com.baidu.location.c.g:
    java.util.HashMap b -> b
    double c -> c
    com.baidu.location.c.e a -> a
    double a(com.baidu.location.c.e$a) -> a