净喜平板_没有jni的/源码/Smarthome/proguard/usage.txt
com.kxw.smarthome.AdvMainActivity:
    168:183:protected void replayMedia()
    579:580:public void setIs_ShowADV(boolean)
com.kxw.smarthome.BuildConfig
com.kxw.smarthome.FilterChangeListActivity:
    private android.widget.LinearLayout wfr_filter_ll
com.kxw.smarthome.HintDialogActivity:
    private android.widget.LinearLayout root_view_ll
    byte[] mBuffer
    private static int temperature
    private static int this_value
com.kxw.smarthome.LoadingDialogActivity:
    private java.lang.String url
    private java.lang.String apkName
    51:53:public static void loadingFailed()
com.kxw.smarthome.Manifest
com.kxw.smarthome.Manifest$permission
com.kxw.smarthome.MyApplication:
    85:86:public void closeSerialPort()
    88:89:public void resetSerialPort()
    97:98:public void setLocationAndWeatherUtils(com.kxw.smarthome.utils.LocationAndWeatherUtils)
com.kxw.smarthome.R:
    10:10:public R()
com.kxw.smarthome.R$anim
com.kxw.smarthome.R$array
com.kxw.smarthome.R$attr
com.kxw.smarthome.R$color
com.kxw.smarthome.R$dimen
com.kxw.smarthome.R$drawable
com.kxw.smarthome.R$id
com.kxw.smarthome.R$layout
com.kxw.smarthome.R$string
com.kxw.smarthome.R$style
com.kxw.smarthome.R$styleable:
    public static final int BannerView_delay_time
    public static final int BannerView_isCycle
    public static final int BannerView_isLoopSrcoll
    public static final int CircleImageView_border_color
    public static final int CircleImageView_border_width
    public static final int CircleSeekBar_capRound
    public static final int CircleSeekBar_endAlpha
    public static final int CircleSeekBar_fadeEnable
    public static final int CircleSeekBar_maxProgress
    public static final int CircleSeekBar_mode
    public static final int CircleSeekBar_progress
    public static final int CircleSeekBar_progressColor
    public static final int CircleSeekBar_progressWidth
    public static final int CircleSeekBar_sProgressColor
    public static final int CircleSeekBar_sProgressWidth
    public static final int CircleSeekBar_showMyText
    public static final int CircleSeekBar_startAlpha
    public static final int CircleSeekBar_startAngle
    public static final int CircleSeekBar_textColor
    public static final int CircleSeekBar_textSize
    public static final int CircleSeekBar_velocity
    public static final int CircleSeekBar_zoomEnable
    public static final int PullToRefresh_ptrAdapterViewBackground
    public static final int PullToRefresh_ptrAnimationStyle
    public static final int PullToRefresh_ptrDrawable
    public static final int PullToRefresh_ptrDrawableBottom
    public static final int PullToRefresh_ptrDrawableEnd
com.kxw.smarthome.SearchOrderInfoActivity:
    249:350:public void getFilterLife()
com.kxw.smarthome.SearchOrderInfoActivity$3
com.kxw.smarthome.StoreInfoActivity:
    87:97:private void initData()
com.kxw.smarthome.StoreListActivity:
    private android.widget.ListView store_info_lv
com.kxw.smarthome.UpdateDialogActivity:
    private android.widget.LinearLayout root_view_ll
com.kxw.smarthome.adapter.AreaAdapter:
    38:41:public void setDatas(java.util.List)
    63:63:public int getSelectItem(int)
com.kxw.smarthome.adapter.CityListAdapter:
    private static final int VIEW_TYPE_COUNT
com.kxw.smarthome.adapter.CommunityServicesAdapter:
    26:31:public CommunityServicesAdapter(android.content.Context,java.util.List,android.os.Handler)
com.kxw.smarthome.adapter.StoreListInfoAdapter:
    25:30:public StoreListInfoAdapter(android.content.Context,java.util.List,android.os.Handler)
com.kxw.smarthome.fragment.SetTemperatureFragment:
    byte[] mBuffer
com.kxw.smarthome.fragment.UseWaterFragment:
    private com.kxw.smarthome.FragmentMainActivity mFragmentMainActivity
com.kxw.smarthome.imagecycleview.ADInfo
...
android.support.v4.graphics.drawable.RoundedBitmapDrawable
android.support.v4.graphics.drawable.RoundedBitmapDrawable21
android.support.v4.graphics.drawable.RoundedBitmapDrawableFactory
android.support.v4.graphics.drawable.RoundedBitmapDrawableFactory$DefaultRoundedBitmapDrawable
android.support.v4.hardware.display.DisplayManagerCompat
android.support.v4.hardware.display.DisplayManagerCompat$JellybeanMr1Impl
android.support.v4.hardware.display.DisplayManagerCompat$LegacyImpl
android.support.v4.hardware.display.DisplayManagerJellybeanMr1
android.support.v4.hardware.fingerprint.FingerprintManagerCompat:
    private android.content.Context mContext
    43:43:public static android.support.v4.hardware.fingerprint.FingerprintManagerCompat from(android.content.Context)
    46:48:private FingerprintManagerCompat(android.content.Context)
    66:66:public boolean hasEnrolledFingerprints()
    75:75:public boolean isHardwareDetected()
    95:96:public void authenticate(android.support.v4.hardware.fingerprint.FingerprintManagerCompat$CryptoObject,int,android.support.v4.os.CancellationSignal,android.support.v4.hardware.fingerprint.FingerprintManagerCompat$AuthenticationCallback,android.os.Handler)
android.support.v4.hardware.fingerprint.FingerprintManagerCompat$Api23FingerprintManagerCompatImpl:
    239:239:public boolean hasEnrolledFingerprints(android.content.Context)
    244:244:public boolean isHardwareDetected(android.content.Context)
    250:253:public void authenticate(android.content.Context,android.support.v4.hardware.fingerprint.FingerprintManagerCompat$CryptoObject,int,android.support.v4.os.CancellationSignal,android.support.v4.hardware.fingerprint.FingerprintManagerCompat$AuthenticationCallback,android.os.Handler)
    257:266:private static android.support.v4.hardware.fingerprint.FingerprintManagerCompatApi23$CryptoObject wrapCryptoObject(android.support.v4.hardware.fingerprint.FingerprintManagerCompat$CryptoObject)
    272:281:private static android.support.v4.hardware.fingerprint.FingerprintManagerCompat$CryptoObject unwrapCryptoObject(android.support.v4.hardware.fingerprint.FingerprintManagerCompatApi23$CryptoObject)
    232:232:static synthetic android.support.v4.hardware.fingerprint.FingerprintManagerCompat$CryptoObject access$000(android.support.v4.hardware.fingerprint.FingerprintManagerCompatApi23$CryptoObject)
android.support.v4.hardware.fingerprint.FingerprintManagerCompat$Api23FingerprintManagerCompatImpl$1:
    290:291:public void onAuthenticationError(int,java.lang.CharSequence)
    295:296:public void onAuthenticationHelp(int,java.lang.CharSequence)
    301:303:public void onAuthenticationSucceeded(android.support.v4.hardware.fingerprint.FingerprintManagerCompatApi23$AuthenticationResultInternal)
    307:308:public void onAuthenticationFailed()
android.support.v4.hardware.fingerprint.FingerprintManagerCompat$AuthenticationCallback:
    172:172:public FingerprintManagerCompat$AuthenticationCallback()
    179:179:public void onAuthenticationError(int,java.lang.CharSequence)
    188:188:public void onAuthenticationHelp(int,java.lang.CharSequence)
    194:194:public void onAuthenticationSucceeded(android.support.v4.hardware.fingerprint.FingerprintManagerCompat$AuthenticationResult)
    199:199:public void onAuthenticationFailed()
android.support.v4.hardware.fingerprint.FingerprintManagerCompat$AuthenticationResult
android.support.v4.hardware.fingerprint.FingerprintManagerCompat$CryptoObject
android.support.v4.hardware.fingerprint.FingerprintManagerCompat$FingerprintManagerCompatImpl:
    public abstract boolean hasEnrolledFingerprints(android.content.Context)
    public abstract boolean isHardwareDetected(android.content.Context)
    public abstract void authenticate(android.content.Context,android.support.v4.hardware.fingerprint.FingerprintManagerCompat$CryptoObject,int,android.support.v4.os.CancellationSignal,android.support.v4.hardware.fingerprint.FingerprintManagerCompat$AuthenticationCallback,android.os.Handler)